<?xml version="1.0" encoding="UTF-8"?>
<robot generator="Robot 4.1.3 (Python 3.9.7 on win32)" generated="20220314 17:14:20.948" rpa="false" schemaversion="2">
<suite id="s1" name="Demo1 Orangehrm Suite" source="C:\Users\dell\PycharmProjects\robot_framework\robot_suite\selenium\demo1_orangehrm_suite.robot">
<test id="s1-t1" name="TC2">
<kw name="Open Browser" library="SeleniumLibrary">
<arg>url=https://opensource-demo.orangehrmlive.com/</arg>
<arg>executable_path=${EXECDIR}${/}driver${/}chromedriver.exe</arg>
<arg>browser=chrome</arg>
<doc>Opens a new browser instance to the optional ``url``.</doc>
<msg timestamp="20220314 17:14:21.238" level="INFO">Opening browser 'chrome' to base url 'https://opensource-demo.orangehrmlive.com/'.</msg>
<status status="PASS" starttime="20220314 17:14:21.235" endtime="20220314 17:14:34.230"/>
</kw>
<kw name="Maximize Browser Window" library="SeleniumLibrary">
<doc>Maximizes current browser window.</doc>
<status status="PASS" starttime="20220314 17:14:34.236" endtime="20220314 17:14:34.367"/>
</kw>
<kw name="Set Selenium Implicit Wait" library="SeleniumLibrary">
<arg>30s</arg>
<doc>Sets the implicit wait value used by Selenium.</doc>
<status status="PASS" starttime="20220314 17:14:34.369" endtime="20220314 17:14:34.390"/>
</kw>
<kw name="Input Text" library="SeleniumLibrary">
<arg>id=txtUsername</arg>
<arg>Admin</arg>
<doc>Types the given ``text`` into the text field identified by ``locator``.</doc>
<msg timestamp="20220314 17:14:34.390" level="INFO">Typing text 'Admin' into text field 'id=txtUsername'.</msg>
<status status="PASS" starttime="20220314 17:14:34.390" endtime="20220314 17:14:34.495"/>
</kw>
<kw name="Input Password" library="SeleniumLibrary">
<arg>id=txtPassword</arg>
<arg>admin123</arg>
<doc>Types the given password into the text field identified by ``locator``.</doc>
<msg timestamp="20220314 17:14:34.497" level="INFO">Typing password into text field 'id=txtPassword'.</msg>
<msg timestamp="20220314 17:14:34.565" level="INFO">Temporally setting log level to: NONE</msg>
<msg timestamp="20220314 17:14:34.622" level="INFO">Log level changed from NONE to INFO.</msg>
<status status="PASS" starttime="20220314 17:14:34.496" endtime="20220314 17:14:34.622"/>
</kw>
<kw name="Click Element" library="SeleniumLibrary">
<arg>id=btnLogin</arg>
<doc>Click the element identified by ``locator``.</doc>
<msg timestamp="20220314 17:14:34.624" level="INFO">Clicking element 'id=btnLogin'.</msg>
<status status="PASS" starttime="20220314 17:14:34.622" endtime="20220314 17:14:39.416"/>
</kw>
<kw name="Click Element" library="SeleniumLibrary">
<arg>xpath=//*[@id="menu_pim_viewMyDetails"]/b</arg>
<doc>Click the element identified by ``locator``.</doc>
<msg timestamp="20220314 17:14:39.418" level="INFO">Clicking element 'xpath=//*[@id="menu_pim_viewMyDetails"]/b'.</msg>
<status status="PASS" starttime="20220314 17:14:39.417" endtime="20220314 17:14:41.705"/>
</kw>
<kw name="Click Element" library="SeleniumLibrary">
<arg>link=Emergency Contacts</arg>
<doc>Click the element identified by ``locator``.</doc>
<msg timestamp="20220314 17:14:41.708" level="INFO">Clicking element 'link=Emergency Contacts'.</msg>
<status status="PASS" starttime="20220314 17:14:41.708" endtime="20220314 17:14:42.955"/>
</kw>
<kw name="Click Element" library="SeleniumLibrary">
<arg>id=btnAddContact</arg>
<doc>Click the element identified by ``locator``.</doc>
<msg timestamp="20220314 17:14:42.958" level="INFO">Clicking element 'id=btnAddContact'.</msg>
<status status="PASS" starttime="20220314 17:14:42.957" endtime="20220314 17:14:43.058"/>
</kw>
<kw name="Input Text" library="SeleniumLibrary">
<arg>id=emgcontacts_name</arg>
<arg>sat</arg>
<doc>Types the given ``text`` into the text field identified by ``locator``.</doc>
<msg timestamp="20220314 17:14:43.060" level="INFO">Typing text 'sat' into text field 'id=emgcontacts_name'.</msg>
<status status="PASS" starttime="20220314 17:14:43.059" endtime="20220314 17:14:43.159"/>
</kw>
<kw name="Input Text" library="SeleniumLibrary">
<arg>id=emgcontacts_relationship</arg>
<arg>brother</arg>
<doc>Types the given ``text`` into the text field identified by ``locator``.</doc>
<msg timestamp="20220314 17:14:43.160" level="INFO">Typing text 'brother' into text field 'id=emgcontacts_relationship'.</msg>
<status status="PASS" starttime="20220314 17:14:43.160" endtime="20220314 17:14:43.275"/>
</kw>
<kw name="Input Text" library="SeleniumLibrary">
<arg>id=emgcontacts_homePhone</arg>
<arg>78988</arg>
<doc>Types the given ``text`` into the text field identified by ``locator``.</doc>
<msg timestamp="20220314 17:14:43.276" level="INFO">Typing text '78988' into text field 'id=emgcontacts_homePhone'.</msg>
<status status="PASS" starttime="20220314 17:14:43.276" endtime="20220314 17:14:43.378"/>
</kw>
<kw name="Click Element" library="SeleniumLibrary">
<arg>id=btnSaveEContact</arg>
<doc>Click the element identified by ``locator``.</doc>
<msg timestamp="20220314 17:14:43.378" level="INFO">Clicking element 'id=btnSaveEContact'.</msg>
<status status="PASS" starttime="20220314 17:14:43.378" endtime="20220314 17:14:44.832"/>
</kw>
<status status="PASS" starttime="20220314 17:14:21.235" endtime="20220314 17:14:44.837"/>
</test>
<status status="PASS" starttime="20220314 17:14:20.952" endtime="20220314 17:14:44.840"/>
</suite>
<statistics>
<total>
<stat pass="1" fail="0" skip="0">All Tests</stat>
</total>
<tag>
</tag>
<suite>
<stat pass="1" fail="0" skip="0" id="s1" name="Demo1 Orangehrm Suite">Demo1 Orangehrm Suite</stat>
</suite>
</statistics>
<errors>
</errors>
</robot>
