<?xml version="1.0" encoding="UTF-8"?>
<robot generator="Robot 4.1.3 (Python 3.9.7 on win32)" generated="20220314 16:59:32.597" rpa="false" schemaversion="2">
<suite id="s1" name="Demo1 Orangehrm Suite" source="C:\Users\dell\PycharmProjects\robot_framework\robot_suite\selenium\demo1_orangehrm_suite.robot">
<test id="s1-t1" name="TC2">
<kw name="Open Browser" library="SeleniumLibrary">
<arg>url=https://opensource-demo.orangehrmlive.com/</arg>
<arg>executable_path=${EXECDIR}${/}driver${/}chromedriver.exe</arg>
<arg>browser=chrome</arg>
<doc>Opens a new browser instance to the optional ``url``.</doc>
<msg timestamp="20220314 16:59:32.900" level="INFO">Opening browser 'chrome' to base url 'https://opensource-demo.orangehrmlive.com/'.</msg>
<status status="PASS" starttime="20220314 16:59:32.899" endtime="20220314 16:59:44.237"/>
</kw>
<kw name="Maximize Browser Window" library="SeleniumLibrary">
<doc>Maximizes current browser window.</doc>
<status status="PASS" starttime="20220314 16:59:44.237" endtime="20220314 16:59:44.364"/>
</kw>
<kw name="Set Selenium Implicit Wait" library="SeleniumLibrary">
<arg>30s</arg>
<doc>Sets the implicit wait value used by Selenium.</doc>
<status status="PASS" starttime="20220314 16:59:44.364" endtime="20220314 16:59:44.368"/>
</kw>
<kw name="Input Text" library="SeleniumLibrary">
<arg>id=txtUsername</arg>
<arg>Admin</arg>
<doc>Types the given ``text`` into the text field identified by ``locator``.</doc>
<msg timestamp="20220314 16:59:44.371" level="INFO">Typing text 'Admin' into text field 'id=txtUsername'.</msg>
<status status="PASS" starttime="20220314 16:59:44.370" endtime="20220314 16:59:44.518"/>
</kw>
<kw name="Input Password" library="SeleniumLibrary">
<arg>id=txtPassword</arg>
<arg>admin123</arg>
<doc>Types the given password into the text field identified by ``locator``.</doc>
<msg timestamp="20220314 16:59:44.522" level="INFO">Typing password into text field 'id=txtPassword'.</msg>
<msg timestamp="20220314 16:59:44.603" level="INFO">Temporally setting log level to: NONE</msg>
<msg timestamp="20220314 16:59:44.672" level="INFO">Log level changed from NONE to INFO.</msg>
<status status="PASS" starttime="20220314 16:59:44.521" endtime="20220314 16:59:44.672"/>
</kw>
<kw name="Click Element" library="SeleniumLibrary">
<arg>id=btnLogin</arg>
<doc>Click the element identified by ``locator``.</doc>
<msg timestamp="20220314 16:59:44.680" level="INFO">Clicking element 'id=btnLogin'.</msg>
<status status="PASS" starttime="20220314 16:59:44.679" endtime="20220314 16:59:50.008"/>
</kw>
<kw name="Click Element" library="SeleniumLibrary">
<arg>xpath=//*[@id="menu_pim_viewMyDetails"]/b</arg>
<doc>Click the element identified by ``locator``.</doc>
<msg timestamp="20220314 16:59:50.010" level="INFO">Clicking element 'xpath=//*[@id="menu_pim_viewMyDetails"]/b'.</msg>
<status status="PASS" starttime="20220314 16:59:50.010" endtime="20220314 16:59:53.196"/>
</kw>
<status status="PASS" starttime="20220314 16:59:32.890" endtime="20220314 16:59:53.196"/>
</test>
<status status="PASS" starttime="20220314 16:59:32.599" endtime="20220314 16:59:53.200"/>
</suite>
<statistics>
<total>
<stat pass="1" fail="0" skip="0">All Tests</stat>
</total>
<tag>
</tag>
<suite>
<stat pass="1" fail="0" skip="0" id="s1" name="Demo1 Orangehrm Suite">Demo1 Orangehrm Suite</stat>
</suite>
</statistics>
<errors>
</errors>
</robot>
