<?xml version="1.0" encoding="UTF-8"?>
<robot generator="Robot 4.1.3 (Python 3.9.7 on win32)" generated="20220314 10:49:44.582" rpa="false" schemaversion="2">
<suite id="s1" name="Demo3 Suite" source="C:\Users\dell\PycharmProjects\robot_framework\robot_suite\demo3_suite.robot">
<test id="s1-t1" name="TC1">
<kw name="Log To Console" library="BuiltIn">
<arg>C:\\Users\\dell\\PycharmProjects\\robot_framework\\robot_suite</arg>
<doc>Logs the given message to the console.</doc>
<status status="PASS" starttime="20220314 10:49:44.627" endtime="20220314 10:49:44.627"/>
</kw>
<kw name="Log To Console" library="BuiltIn">
<arg>${EXECDIR}</arg>
<doc>Logs the given message to the console.</doc>
<status status="PASS" starttime="20220314 10:49:44.627" endtime="20220314 10:49:44.627"/>
</kw>
<kw name="Log To Console" library="BuiltIn">
<arg>${OUTPUT_DIR}</arg>
<doc>Logs the given message to the console.</doc>
<status status="PASS" starttime="20220314 10:49:44.627" endtime="20220314 10:49:44.627"/>
</kw>
<kw name="Log To Console" library="BuiltIn">
<arg>${TEMPDIR}</arg>
<doc>Logs the given message to the console.</doc>
<status status="PASS" starttime="20220314 10:49:44.632" endtime="20220314 10:49:44.633"/>
</kw>
<kw name="Log To Console" library="BuiltIn">
<arg>${TEST_NAME}</arg>
<doc>Logs the given message to the console.</doc>
<status status="PASS" starttime="20220314 10:49:44.633" endtime="20220314 10:49:44.634"/>
</kw>
<kw name="Log To Console" library="BuiltIn">
<arg>${SUITE_NAME}</arg>
<doc>Logs the given message to the console.</doc>
<status status="PASS" starttime="20220314 10:49:44.634" endtime="20220314 10:49:44.634"/>
</kw>
<status status="PASS" starttime="20220314 10:49:44.627" endtime="20220314 10:49:44.634"/>
</test>
<test id="s1-t2" name="TC2">
<kw name="Create Directory" library="OperatingSystem">
<arg>E:${/}L&amp;T${/}Temp${/}rush${/}</arg>
<doc>Creates the specified directory.</doc>
<msg timestamp="20220314 10:49:44.634" level="INFO" html="true">Directory '&lt;a href="file://E:\L&amp;T\Temp\rush"&gt;E:\L&amp;T\Temp\rush&lt;/a&gt;' already exists.</msg>
<status status="PASS" starttime="20220314 10:49:44.634" endtime="20220314 10:49:44.634"/>
</kw>
<kw name="Create File" library="OperatingSystem">
<arg>E:${/}L&amp;T${/}Temp${/}new${/}fa.txt</arg>
<doc>Creates a file with the given content and encoding.</doc>
<msg timestamp="20220314 10:49:44.639" level="INFO" html="true">Created file '&lt;a href="file://E:\L&amp;T\Temp\new\fa.txt"&gt;E:\L&amp;T\Temp\new\fa.txt&lt;/a&gt;'.</msg>
<status status="PASS" starttime="20220314 10:49:44.634" endtime="20220314 10:49:44.639"/>
</kw>
<kw name="Copy File" library="OperatingSystem">
<arg>E:${/}L&amp;T${/}Temp${/}new${/}fa.txt</arg>
<arg>E:${/}L&amp;T${/}Temp${/}new1${/}a.txt</arg>
<doc>Copies the source file into the destination.</doc>
<msg timestamp="20220314 10:49:44.643" level="INFO" html="true">Copied file from '&lt;a href="file://E:\L&amp;T\Temp\new\fa.txt"&gt;E:\L&amp;T\Temp\new\fa.txt&lt;/a&gt;' to '&lt;a href="file://E:\L&amp;T\Temp\new1\a.txt"&gt;E:\L&amp;T\Temp\new1\a.txt&lt;/a&gt;'.</msg>
<status status="PASS" starttime="20220314 10:49:44.640" endtime="20220314 10:49:44.643"/>
</kw>
<kw name="Sleep" library="BuiltIn">
<arg>5s</arg>
<doc>Pauses the test executed for the given time.</doc>
<msg timestamp="20220314 10:49:49.651" level="INFO">Slept 5 seconds</msg>
<status status="PASS" starttime="20220314 10:49:44.643" endtime="20220314 10:49:49.652"/>
</kw>
<kw name="Remove File" library="OperatingSystem">
<arg>E:${/}L&amp;T${/}Temp${/}new${/}fa.txt</arg>
<doc>Removes a file with the given path.</doc>
<msg timestamp="20220314 10:49:49.652" level="INFO" html="true">Removed file '&lt;a href="file://E:\L&amp;T\Temp\new\fa.txt"&gt;E:\L&amp;T\Temp\new\fa.txt&lt;/a&gt;'.</msg>
<status status="PASS" starttime="20220314 10:49:49.652" endtime="20220314 10:49:49.652"/>
</kw>
<kw name="Remove File" library="OperatingSystem">
<arg>E:${/}L&amp;T${/}Temp${/}new${/}f.txt</arg>
<doc>Removes a file with the given path.</doc>
<msg timestamp="20220314 10:49:49.652" level="INFO" html="true">File '&lt;a href="file://E:\L&amp;T\Temp\new\f.txt"&gt;E:\L&amp;T\Temp\new\f.txt&lt;/a&gt;' does not exist.</msg>
<status status="PASS" starttime="20220314 10:49:49.652" endtime="20220314 10:49:49.652"/>
</kw>
<kw name="Remove Directory" library="OperatingSystem">
<arg>E:${/}L&amp;T${/}Temp${/}rush</arg>
<doc>Removes the directory pointed to by the given ``path``.</doc>
<msg timestamp="20220314 10:49:49.652" level="INFO" html="true">Listing contents of directory '&lt;a href="file://E:\L&amp;T\Temp\rush"&gt;E:\L&amp;T\Temp\rush&lt;/a&gt;'.</msg>
<msg timestamp="20220314 10:49:49.652" level="INFO" html="true">Directory '&lt;a href="file://E:\L&amp;T\Temp\rush"&gt;E:\L&amp;T\Temp\rush&lt;/a&gt;' is empty.</msg>
<msg timestamp="20220314 10:49:49.652" level="INFO" html="true">Removed directory '&lt;a href="file://E:\L&amp;T\Temp\rush"&gt;E:\L&amp;T\Temp\rush&lt;/a&gt;'.</msg>
<status status="PASS" starttime="20220314 10:49:49.652" endtime="20220314 10:49:49.652"/>
</kw>
<status status="PASS" starttime="20220314 10:49:44.634" endtime="20220314 10:49:49.652"/>
</test>
<status status="PASS" starttime="20220314 10:49:44.588" endtime="20220314 10:49:49.662"/>
</suite>
<statistics>
<total>
<stat pass="2" fail="0" skip="0">All Tests</stat>
</total>
<tag>
</tag>
<suite>
<stat pass="2" fail="0" skip="0" id="s1" name="Demo3 Suite">Demo3 Suite</stat>
</suite>
</statistics>
<errors>
</errors>
</robot>
